<?xml version="1.0" encoding="UTF-8"?>
<testsuite xmlns:xsi="http://www.w3.org/2001/XMLSchema-instance" xsi:noNamespaceSchemaLocation="https://maven.apache.org/surefire/maven-surefire-plugin/xsd/surefire-test-report-3.0.xsd" version="3.0" name="com.mycompany.gestion_hotel.ui.VentasControllerIntegrationTest" time="8.488" tests="9" errors="0" skipped="0" failures="0">
  <properties>
[...]
</properties>
  <testcase name="testLogicaDescontarStock" classname="com.mycompany.gestion_hotel.ui.VentasControllerIntegrationTest" time="2.748">
    <system-out><![CDATA[Acceptance Token CORRECTO: eyJhbGciOiJIUzI1NiJ9.eyJjb250cmFjdF9pZCI6NDcyLCJwZXJtYWxpbmsiOiJodHRwczovL3dvbXBpLmNvbS9hc3NldHMvZG93bmxvYWRibGUvcmVnbGFtZW50by1Vc3Vhcmlvcy1Db2xvbWJpYS5wZGYiLCJmaWxlX2hhc2giOiJkYzJkNGUzMDVlNGQzNmFhYjhjYzU3N2I1YTY5Nzg1MSIsImppdCI6IjE3NjM4NTI3MDQtNTI2MDYiLCJlbWFpbCI6IiIsImV4cCI6MTc2Mzg1NjMwNH0._plnFCl2dyac_6qGKaR9vfi86dTanz4vfte2_X6RRmE
]]></system-out>
  </testcase>
  <testcase name="testLogicaRegistrarIngreso" classname="com.mycompany.gestion_hotel.ui.VentasControllerIntegrationTest" time="0.807">
    <system-out><![CDATA[Acceptance Token CORRECTO: eyJhbGciOiJIUzI1NiJ9.eyJjb250cmFjdF9pZCI6NDcyLCJwZXJtYWxpbmsiOiJodHRwczovL3dvbXBpLmNvbS9hc3NldHMvZG93bmxvYWRibGUvcmVnbGFtZW50by1Vc3Vhcmlvcy1Db2xvbWJpYS5wZGYiLCJmaWxlX2hhc2giOiJkYzJkNGUzMDVlNGQzNmFhYjhjYzU3N2I1YTY5Nzg1MSIsImppdCI6IjE3NjM4NTI3MDYtMzkwMjIiLCJlbWFpbCI6IiIsImV4cCI6MTc2Mzg1NjMwNn0.NRAWSI_JUSmHvPvn9-WvwX1aaP8ae_u2yI-aPShnR2g
]]></system-out>
  </testcase>
  <testcase name="testFiltradoProductos" classname="com.mycompany.gestion_hotel.ui.VentasControllerIntegrationTest" time="0.692">
    <system-out><![CDATA[Acceptance Token CORRECTO: eyJhbGciOiJIUzI1NiJ9.eyJjb250cmFjdF9pZCI6NDcyLCJwZXJtYWxpbmsiOiJodHRwczovL3dvbXBpLmNvbS9hc3NldHMvZG93bmxvYWRibGUvcmVnbGFtZW50by1Vc3Vhcmlvcy1Db2xvbWJpYS5wZGYiLCJmaWxlX2hhc2giOiJkYzJkNGUzMDVlNGQzNmFhYjhjYzU3N2I1YTY5Nzg1MSIsImppdCI6IjE3NjM4NTI3MDYtNTE1NjciLCJlbWFpbCI6IiIsImV4cCI6MTc2Mzg1NjMwNn0.oJJlHf2FGqOPfjMOpFeedgMNjoLVBmPEkvvlW6iODKE
]]></system-out>
  </testcase>
  <testcase name="testConstructoresProducto" classname="com.mycompany.gestion_hotel.ui.VentasControllerIntegrationTest" time="0.691">
    <system-out><![CDATA[Acceptance Token CORRECTO: eyJhbGciOiJIUzI1NiJ9.eyJjb250cmFjdF9pZCI6NDcyLCJwZXJtYWxpbmsiOiJodHRwczovL3dvbXBpLmNvbS9hc3NldHMvZG93bmxvYWRibGUvcmVnbGFtZW50by1Vc3Vhcmlvcy1Db2xvbWJpYS5wZGYiLCJmaWxlX2hhc2giOiJkYzJkNGUzMDVlNGQzNmFhYjhjYzU3N2I1YTY5Nzg1MSIsImppdCI6IjE3NjM4NTI3MDctMzY0MTIiLCJlbWFpbCI6IiIsImV4cCI6MTc2Mzg1NjMwN30.IuxfDkPb2fMcCMkRKcvPKwT_2_22QMwb03LmiHyDlPY
]]></system-out>
  </testcase>
  <testcase name="testLogicaDescontarStockCantidadNegativa" classname="com.mycompany.gestion_hotel.ui.VentasControllerIntegrationTest" time="0.566">
    <system-out><![CDATA[Acceptance Token CORRECTO: eyJhbGciOiJIUzI1NiJ9.eyJjb250cmFjdF9pZCI6NDcyLCJwZXJtYWxpbmsiOiJodHRwczovL3dvbXBpLmNvbS9hc3NldHMvZG93bmxvYWRibGUvcmVnbGFtZW50by1Vc3Vhcmlvcy1Db2xvbWJpYS5wZGYiLCJmaWxlX2hhc2giOiJkYzJkNGUzMDVlNGQzNmFhYjhjYzU3N2I1YTY5Nzg1MSIsImppdCI6IjE3NjM4NTI3MDgtMTQwOTgiLCJlbWFpbCI6IiIsImV4cCI6MTc2Mzg1NjMwOH0.2Bt0ecn4SrbqxqJrXo0NTSc76HthB4WmV33AMVImfL8
]]></system-out>
  </testcase>
  <testcase name="testMetodosProducto" classname="com.mycompany.gestion_hotel.ui.VentasControllerIntegrationTest" time="0.389">
    <system-out><![CDATA[Acceptance Token CORRECTO: eyJhbGciOiJIUzI1NiJ9.eyJjb250cmFjdF9pZCI6NDcyLCJwZXJtYWxpbmsiOiJodHRwczovL3dvbXBpLmNvbS9hc3NldHMvZG93bmxvYWRibGUvcmVnbGFtZW50by1Vc3Vhcmlvcy1Db2xvbWJpYS5wZGYiLCJmaWxlX2hhc2giOiJkYzJkNGUzMDVlNGQzNmFhYjhjYzU3N2I1YTY5Nzg1MSIsImppdCI6IjE3NjM4NTI3MDgtMzc2MTQiLCJlbWFpbCI6IiIsImV4cCI6MTc2Mzg1NjMwOH0.MwYvAitc0zeLULD1eFBBAkAcKHvwep2Wstib90xxhHY
]]></system-out>
  </testcase>
  <testcase name="testGetImagenProducto" classname="com.mycompany.gestion_hotel.ui.VentasControllerIntegrationTest" time="0.475">
    <system-out><![CDATA[Acceptance Token CORRECTO: eyJhbGciOiJIUzI1NiJ9.eyJjb250cmFjdF9pZCI6NDcyLCJwZXJtYWxpbmsiOiJodHRwczovL3dvbXBpLmNvbS9hc3NldHMvZG93bmxvYWRibGUvcmVnbGFtZW50by1Vc3Vhcmlvcy1Db2xvbWJpYS5wZGYiLCJmaWxlX2hhc2giOiJkYzJkNGUzMDVlNGQzNmFhYjhjYzU3N2I1YTY5Nzg1MSIsImppdCI6IjE3NjM4NTI3MDktMTkyOTkiLCJlbWFpbCI6IiIsImV4cCI6MTc2Mzg1NjMwOX0.WKEjUsFI3EviqSmOwB7nwl-bScwcf2v8o3-XhVI0Lhw
]]></system-out>
    <system-err><![CDATA[Error al cargar imagen: Invalid URL: Invalid URL or resource not found
]]></system-err>
  </testcase>
  <testcase name="testFlujoCompletoVenta" classname="com.mycompany.gestion_hotel.ui.VentasControllerIntegrationTest" time="0.652">
    <system-out><![CDATA[Acceptance Token CORRECTO: eyJhbGciOiJIUzI1NiJ9.eyJjb250cmFjdF9pZCI6NDcyLCJwZXJtYWxpbmsiOiJodHRwczovL3dvbXBpLmNvbS9hc3NldHMvZG93bmxvYWRibGUvcmVnbGFtZW50by1Vc3Vhcmlvcy1Db2xvbWJpYS5wZGYiLCJmaWxlX2hhc2giOiJkYzJkNGUzMDVlNGQzNmFhYjhjYzU3N2I1YTY5Nzg1MSIsImppdCI6IjE3NjM4NTI3MDktNTgzOTAiLCJlbWFpbCI6IiIsImV4cCI6MTc2Mzg1NjMwOX0.vW-Q8z88Usn6rlDDmpe6JOKwvE_kZoEu_Ku7BV9Ea8o
]]></system-out>
  </testcase>
  <testcase name="testCalculosFinancieros" classname="com.mycompany.gestion_hotel.ui.VentasControllerIntegrationTest" time="1.418">
    <system-out><![CDATA[Acceptance Token CORRECTO: eyJhbGciOiJIUzI1NiJ9.eyJjb250cmFjdF9pZCI6NDcyLCJwZXJtYWxpbmsiOiJodHRwczovL3dvbXBpLmNvbS9hc3NldHMvZG93bmxvYWRibGUvcmVnbGFtZW50by1Vc3Vhcmlvcy1Db2xvbWJpYS5wZGYiLCJmaWxlX2hhc2giOiJkYzJkNGUzMDVlNGQzNmFhYjhjYzU3N2I1YTY5Nzg1MSIsImppdCI6IjE3NjM4NTI3MTEtMzEyMTIiLCJlbWFpbCI6IiIsImV4cCI6MTc2Mzg1NjMxMX0.m8Vq8gqWcl-QnnaYPU5o5ELG3pGx0Ic2lz41ErGO9iw
]]></system-out>
  </testcase>
</testsuite>