<?xml version="1.0" encoding="UTF-8"?>
<testsuite xmlns:xsi="http://www.w3.org/2001/XMLSchema-instance" xsi:noNamespaceSchemaLocation="https://maven.apache.org/surefire/maven-surefire-plugin/xsd/surefire-test-report-3.0.xsd" version="3.0" name="com.mycompany.gestion_hotel.ui.VentasControllerCompleteTest" time="8.171" tests="20" errors="0" skipped="0" failures="0">
  <properties>
[...]
</properties>
  <testcase name="testSimularAgregarAlCarrito_NoNumerico" classname="com.mycompany.gestion_hotel.ui.VentasControllerCompleteTest" time="1.45">
    <system-out><![CDATA[Acceptance Token CORRECTO: eyJhbGciOiJIUzI1NiJ9.eyJjb250cmFjdF9pZCI6NDcyLCJwZXJtYWxpbmsiOiJodHRwczovL3dvbXBpLmNvbS9hc3NldHMvZG93bmxvYWRibGUvcmVnbGFtZW50by1Vc3Vhcmlvcy1Db2xvbWJpYS5wZGYiLCJmaWxlX2hhc2giOiJkYzJkNGUzMDVlNGQzNmFhYjhjYzU3N2I1YTY5Nzg1MSIsImppdCI6IjE3NjM4NTI0MzUtMzczNzUiLCJlbWFpbCI6IiIsImV4cCI6MTc2Mzg1NjAzNX0.IoRjPHZ5uly_98DyFuLXUIPnZjiAX_uiD7Sm9x67CvI
]]></system-out>
  </testcase>
  <testcase name="testCalcularTotal_CarritoVacio" classname="com.mycompany.gestion_hotel.ui.VentasControllerCompleteTest" time="0.365">
    <system-out><![CDATA[Acceptance Token CORRECTO: eyJhbGciOiJIUzI1NiJ9.eyJjb250cmFjdF9pZCI6NDcyLCJwZXJtYWxpbmsiOiJodHRwczovL3dvbXBpLmNvbS9hc3NldHMvZG93bmxvYWRibGUvcmVnbGFtZW50by1Vc3Vhcmlvcy1Db2xvbWJpYS5wZGYiLCJmaWxlX2hhc2giOiJkYzJkNGUzMDVlNGQzNmFhYjhjYzU3N2I1YTY5Nzg1MSIsImppdCI6IjE3NjM4NTI0MzUtMzIxOTkiLCJlbWFpbCI6IiIsImV4cCI6MTc2Mzg1NjAzNX0.pUv4NDTacG34zPDjYAlr6FsXASGbgp3qjwvi-xOQH_s
]]></system-out>
  </testcase>
  <testcase name="testItemCarritoGetSubtotal" classname="com.mycompany.gestion_hotel.ui.VentasControllerCompleteTest" time="0.355">
    <system-out><![CDATA[Acceptance Token CORRECTO: eyJhbGciOiJIUzI1NiJ9.eyJjb250cmFjdF9pZCI6NDcyLCJwZXJtYWxpbmsiOiJodHRwczovL3dvbXBpLmNvbS9hc3NldHMvZG93bmxvYWRibGUvcmVnbGFtZW50by1Vc3Vhcmlvcy1Db2xvbWJpYS5wZGYiLCJmaWxlX2hhc2giOiJkYzJkNGUzMDVlNGQzNmFhYjhjYzU3N2I1YTY5Nzg1MSIsImppdCI6IjE3NjM4NTI0MzUtMzk3MDciLCJlbWFpbCI6IiIsImV4cCI6MTc2Mzg1NjAzNX0.WnT_GuNI4S12fCuDS9Ww8jUDto5nSq-3IDewTBE5Uck
]]></system-out>
  </testcase>
  <testcase name="testCalcularTotal_ConProductos" classname="com.mycompany.gestion_hotel.ui.VentasControllerCompleteTest" time="0.352">
    <system-out><![CDATA[Acceptance Token CORRECTO: eyJhbGciOiJIUzI1NiJ9.eyJjb250cmFjdF9pZCI6NDcyLCJwZXJtYWxpbmsiOiJodHRwczovL3dvbXBpLmNvbS9hc3NldHMvZG93bmxvYWRibGUvcmVnbGFtZW50by1Vc3Vhcmlvcy1Db2xvbWJpYS5wZGYiLCJmaWxlX2hhc2giOiJkYzJkNGUzMDVlNGQzNmFhYjhjYzU3N2I1YTY5Nzg1MSIsImppdCI6IjE3NjM4NTI0MzYtNjA5NDYiLCJlbWFpbCI6IiIsImV4cCI6MTc2Mzg1NjAzNn0.MmFKIxFDIMrIDHm-nfhT3QC__9ShJoAgAJ2mPb3YBiM
]]></system-out>
  </testcase>
  <testcase name="testItemCarritoCantidadCero" classname="com.mycompany.gestion_hotel.ui.VentasControllerCompleteTest" time="0.336">
    <system-out><![CDATA[Acceptance Token CORRECTO: eyJhbGciOiJIUzI1NiJ9.eyJjb250cmFjdF9pZCI6NDcyLCJwZXJtYWxpbmsiOiJodHRwczovL3dvbXBpLmNvbS9hc3NldHMvZG93bmxvYWRibGUvcmVnbGFtZW50by1Vc3Vhcmlvcy1Db2xvbWJpYS5wZGYiLCJmaWxlX2hhc2giOiJkYzJkNGUzMDVlNGQzNmFhYjhjYzU3N2I1YTY5Nzg1MSIsImppdCI6IjE3NjM4NTI0MzYtOTc0NzUiLCJlbWFpbCI6IiIsImV4cCI6MTc2Mzg1NjAzNn0.meHjAKZUyi2GS1m5eLL8ZabYrFSNER3C69TQjBvGbLA
]]></system-out>
  </testcase>
  <testcase name="testSimularAgregarAlCarrito_Negativo" classname="com.mycompany.gestion_hotel.ui.VentasControllerCompleteTest" time="0.335">
    <system-out><![CDATA[Acceptance Token CORRECTO: eyJhbGciOiJIUzI1NiJ9.eyJjb250cmFjdF9pZCI6NDcyLCJwZXJtYWxpbmsiOiJodHRwczovL3dvbXBpLmNvbS9hc3NldHMvZG93bmxvYWRibGUvcmVnbGFtZW50by1Vc3Vhcmlvcy1Db2xvbWJpYS5wZGYiLCJmaWxlX2hhc2giOiJkYzJkNGUzMDVlNGQzNmFhYjhjYzU3N2I1YTY5Nzg1MSIsImppdCI6IjE3NjM4NTI0MzctNzQwMzMiLCJlbWFpbCI6IiIsImV4cCI6MTc2Mzg1NjAzN30.GkWYcXwXn3qOkzMEAd7Ei11O9nCvnkFtaCBR7A9sJQM
]]></system-out>
  </testcase>
  <testcase name="testLimitesStockComplejosSinUI" classname="com.mycompany.gestion_hotel.ui.VentasControllerCompleteTest" time="0.327">
    <system-out><![CDATA[Acceptance Token CORRECTO: eyJhbGciOiJIUzI1NiJ9.eyJjb250cmFjdF9pZCI6NDcyLCJwZXJtYWxpbmsiOiJodHRwczovL3dvbXBpLmNvbS9hc3NldHMvZG93bmxvYWRibGUvcmVnbGFtZW50by1Vc3Vhcmlvcy1Db2xvbWJpYS5wZGYiLCJmaWxlX2hhc2giOiJkYzJkNGUzMDVlNGQzNmFhYjhjYzU3N2I1YTY5Nzg1MSIsImppdCI6IjE3NjM4NTI0MzctMTMwMzUiLCJlbWFpbCI6IiIsImV4cCI6MTc2Mzg1NjAzN30.xS0NPIzKnygeOdXt5uPyMDqDpttbykmKVEUyLq8qHr4
]]></system-out>
  </testcase>
  <testcase name="testEscenarioCompletoSinUI" classname="com.mycompany.gestion_hotel.ui.VentasControllerCompleteTest" time="0.32">
    <system-out><![CDATA[Acceptance Token CORRECTO: eyJhbGciOiJIUzI1NiJ9.eyJjb250cmFjdF9pZCI6NDcyLCJwZXJtYWxpbmsiOiJodHRwczovL3dvbXBpLmNvbS9hc3NldHMvZG93bmxvYWRibGUvcmVnbGFtZW50by1Vc3Vhcmlvcy1Db2xvbWJpYS5wZGYiLCJmaWxlX2hhc2giOiJkYzJkNGUzMDVlNGQzNmFhYjhjYzU3N2I1YTY5Nzg1MSIsImppdCI6IjE3NjM4NTI0MzctNTMzMzYiLCJlbWFpbCI6IiIsImV4cCI6MTc2Mzg1NjAzN30.rzFoz7CX1rxzaDal_7LC70FkV5nDNqMr_0WqZy7abNo
]]></system-out>
  </testcase>
  <testcase name="testSimularAgregarAlCarrito_ProductoExistente" classname="com.mycompany.gestion_hotel.ui.VentasControllerCompleteTest" time="0.367">
    <system-out><![CDATA[Acceptance Token CORRECTO: eyJhbGciOiJIUzI1NiJ9.eyJjb250cmFjdF9pZCI6NDcyLCJwZXJtYWxpbmsiOiJodHRwczovL3dvbXBpLmNvbS9hc3NldHMvZG93bmxvYWRibGUvcmVnbGFtZW50by1Vc3Vhcmlvcy1Db2xvbWJpYS5wZGYiLCJmaWxlX2hhc2giOiJkYzJkNGUzMDVlNGQzNmFhYjhjYzU3N2I1YTY5Nzg1MSIsImppdCI6IjE3NjM4NTI0MzctMTM5NjUiLCJlbWFpbCI6IiIsImV4cCI6MTc2Mzg1NjAzN30.wWF3hrHGNxgyExmvyxEdJjTd2BkOS7G4CxeHKAjKFqo
]]></system-out>
  </testcase>
  <testcase name="testValidarEntradaNumerica" classname="com.mycompany.gestion_hotel.ui.VentasControllerCompleteTest" time="0.319">
    <system-out><![CDATA[Acceptance Token CORRECTO: eyJhbGciOiJIUzI1NiJ9.eyJjb250cmFjdF9pZCI6NDcyLCJwZXJtYWxpbmsiOiJodHRwczovL3dvbXBpLmNvbS9hc3NldHMvZG93bmxvYWRibGUvcmVnbGFtZW50by1Vc3Vhcmlvcy1Db2xvbWJpYS5wZGYiLCJmaWxlX2hhc2giOiJkYzJkNGUzMDVlNGQzNmFhYjhjYzU3N2I1YTY5Nzg1MSIsImppdCI6IjE3NjM4NTI0MzgtNjI3NDgiLCJlbWFpbCI6IiIsImV4cCI6MTc2Mzg1NjAzOH0.8oVnW4uzjeuDL41vKtqgQ2HO5hbtCOeUwLAoUw5hqvI
]]></system-out>
  </testcase>
  <testcase name="testLogicaEliminarCero" classname="com.mycompany.gestion_hotel.ui.VentasControllerCompleteTest" time="0.366">
    <system-out><![CDATA[Acceptance Token CORRECTO: eyJhbGciOiJIUzI1NiJ9.eyJjb250cmFjdF9pZCI6NDcyLCJwZXJtYWxpbmsiOiJodHRwczovL3dvbXBpLmNvbS9hc3NldHMvZG93bmxvYWRibGUvcmVnbGFtZW50by1Vc3Vhcmlvcy1Db2xvbWJpYS5wZGYiLCJmaWxlX2hhc2giOiJkYzJkNGUzMDVlNGQzNmFhYjhjYzU3N2I1YTY5Nzg1MSIsImppdCI6IjE3NjM4NTI0MzgtMzc3MTkiLCJlbWFpbCI6IiIsImV4cCI6MTc2Mzg1NjAzOH0.nc_oYg6HDSdN69bPGsTQiVqDpetwoxb51gTNAZ_Q-zc
]]></system-out>
  </testcase>
  <testcase name="testLogicaEliminarDelCarrito" classname="com.mycompany.gestion_hotel.ui.VentasControllerCompleteTest" time="0.359">
    <system-out><![CDATA[Acceptance Token CORRECTO: eyJhbGciOiJIUzI1NiJ9.eyJjb250cmFjdF9pZCI6NDcyLCJwZXJtYWxpbmsiOiJodHRwczovL3dvbXBpLmNvbS9hc3NldHMvZG93bmxvYWRibGUvcmVnbGFtZW50by1Vc3Vhcmlvcy1Db2xvbWJpYS5wZGYiLCJmaWxlX2hhc2giOiJkYzJkNGUzMDVlNGQzNmFhYjhjYzU3N2I1YTY5Nzg1MSIsImppdCI6IjE3NjM4NTI0MzktOTk0MzgiLCJlbWFpbCI6IiIsImV4cCI6MTc2Mzg1NjAzOX0.LTlBVl4PRH5ehKmPOz4PL92lHDYmkshjldwPmE-QDT8
]]></system-out>
  </testcase>
  <testcase name="testSimularAgregarAlCarrito_Cero" classname="com.mycompany.gestion_hotel.ui.VentasControllerCompleteTest" time="0.327">
    <system-out><![CDATA[Acceptance Token CORRECTO: eyJhbGciOiJIUzI1NiJ9.eyJjb250cmFjdF9pZCI6NDcyLCJwZXJtYWxpbmsiOiJodHRwczovL3dvbXBpLmNvbS9hc3NldHMvZG93bmxvYWRibGUvcmVnbGFtZW50by1Vc3Vhcmlvcy1Db2xvbWJpYS5wZGYiLCJmaWxlX2hhc2giOiJkYzJkNGUzMDVlNGQzNmFhYjhjYzU3N2I1YTY5Nzg1MSIsImppdCI6IjE3NjM4NTI0MzktNDgyODAiLCJlbWFpbCI6IiIsImV4cCI6MTc2Mzg1NjAzOX0.8mBnZJNjoBDilscyv3aCKaROaVX8i7PBhZ-vlFAzmXQ
]]></system-out>
  </testcase>
  <testcase name="testSimularAgregarAlCarrito_Valido" classname="com.mycompany.gestion_hotel.ui.VentasControllerCompleteTest" time="0.389">
    <system-out><![CDATA[Acceptance Token CORRECTO: eyJhbGciOiJIUzI1NiJ9.eyJjb250cmFjdF9pZCI6NDcyLCJwZXJtYWxpbmsiOiJodHRwczovL3dvbXBpLmNvbS9hc3NldHMvZG93bmxvYWRibGUvcmVnbGFtZW50by1Vc3Vhcmlvcy1Db2xvbWJpYS5wZGYiLCJmaWxlX2hhc2giOiJkYzJkNGUzMDVlNGQzNmFhYjhjYzU3N2I1YTY5Nzg1MSIsImppdCI6IjE3NjM4NTI0MzktMzIyNTgiLCJlbWFpbCI6IiIsImV4cCI6MTc2Mzg1NjAzOX0.VZJ86TGLTRvYB0gIeQ5cy-kjd2MbUnbl5IwHJOuaKEg
]]></system-out>
  </testcase>
  <testcase name="testLogicaValidacionStockModificar" classname="com.mycompany.gestion_hotel.ui.VentasControllerCompleteTest" time="0.368">
    <system-out><![CDATA[Acceptance Token CORRECTO: eyJhbGciOiJIUzI1NiJ9.eyJjb250cmFjdF9pZCI6NDcyLCJwZXJtYWxpbmsiOiJodHRwczovL3dvbXBpLmNvbS9hc3NldHMvZG93bmxvYWRibGUvcmVnbGFtZW50by1Vc3Vhcmlvcy1Db2xvbWJpYS5wZGYiLCJmaWxlX2hhc2giOiJkYzJkNGUzMDVlNGQzNmFhYjhjYzU3N2I1YTY5Nzg1MSIsImppdCI6IjE3NjM4NTI0NDAtNDg5OTYiLCJlbWFpbCI6IiIsImV4cCI6MTc2Mzg1NjA0MH0.5u6PC1OqlPhm1zgVShFPKSBRfKvtYcEMYtm3zLbSYVQ
]]></system-out>
  </testcase>
  <testcase name="testLogicaIncrementarCantidad" classname="com.mycompany.gestion_hotel.ui.VentasControllerCompleteTest" time="0.319">
    <system-out><![CDATA[Acceptance Token CORRECTO: eyJhbGciOiJIUzI1NiJ9.eyJjb250cmFjdF9pZCI6NDcyLCJwZXJtYWxpbmsiOiJodHRwczovL3dvbXBpLmNvbS9hc3NldHMvZG93bmxvYWRibGUvcmVnbGFtZW50by1Vc3Vhcmlvcy1Db2xvbWJpYS5wZGYiLCJmaWxlX2hhc2giOiJkYzJkNGUzMDVlNGQzNmFhYjhjYzU3N2I1YTY5Nzg1MSIsImppdCI6IjE3NjM4NTI0NDAtODkxNDYiLCJlbWFpbCI6IiIsImV4cCI6MTc2Mzg1NjA0MH0.rZTOB3nmUgsOLyWpCf4I3sDBfAVl_QkKOSK49JCH6Qw
]]></system-out>
  </testcase>
  <testcase name="testLogicaDecrementarCantidad" classname="com.mycompany.gestion_hotel.ui.VentasControllerCompleteTest" time="0.362">
    <system-out><![CDATA[Acceptance Token CORRECTO: eyJhbGciOiJIUzI1NiJ9.eyJjb250cmFjdF9pZCI6NDcyLCJwZXJtYWxpbmsiOiJodHRwczovL3dvbXBpLmNvbS9hc3NldHMvZG93bmxvYWRibGUvcmVnbGFtZW50by1Vc3Vhcmlvcy1Db2xvbWJpYS5wZGYiLCJmaWxlX2hhc2giOiJkYzJkNGUzMDVlNGQzNmFhYjhjYzU3N2I1YTY5Nzg1MSIsImppdCI6IjE3NjM4NTI0NDAtMTM2NjEiLCJlbWFpbCI6IiIsImV4cCI6MTc2Mzg1NjA0MH0.nKpQppV_MvT2TflWeGr-px7NezgyclB2mvJ5ZMyvqbc
]]></system-out>
  </testcase>
  <testcase name="testValidarCantidadPositiva" classname="com.mycompany.gestion_hotel.ui.VentasControllerCompleteTest" time="0.374">
    <system-out><![CDATA[Acceptance Token CORRECTO: eyJhbGciOiJIUzI1NiJ9.eyJjb250cmFjdF9pZCI6NDcyLCJwZXJtYWxpbmsiOiJodHRwczovL3dvbXBpLmNvbS9hc3NldHMvZG93bmxvYWRibGUvcmVnbGFtZW50by1Vc3Vhcmlvcy1Db2xvbWJpYS5wZGYiLCJmaWxlX2hhc2giOiJkYzJkNGUzMDVlNGQzNmFhYjhjYzU3N2I1YTY5Nzg1MSIsImppdCI6IjE3NjM4NTI0NDEtMjYyODQiLCJlbWFpbCI6IiIsImV4cCI6MTc2Mzg1NjA0MX0.EXMgQlEcKfLtvCpRfx_tNlpOJXDK-cEDM__q0hAuuvg
]]></system-out>
  </testcase>
  <testcase name="testSimularAgregarAlCarrito_StockInsuficiente" classname="com.mycompany.gestion_hotel.ui.VentasControllerCompleteTest" time="0.339">
    <system-out><![CDATA[Acceptance Token CORRECTO: eyJhbGciOiJIUzI1NiJ9.eyJjb250cmFjdF9pZCI6NDcyLCJwZXJtYWxpbmsiOiJodHRwczovL3dvbXBpLmNvbS9hc3NldHMvZG93bmxvYWRibGUvcmVnbGFtZW50by1Vc3Vhcmlvcy1Db2xvbWJpYS5wZGYiLCJmaWxlX2hhc2giOiJkYzJkNGUzMDVlNGQzNmFhYjhjYzU3N2I1YTY5Nzg1MSIsImppdCI6IjE3NjM4NTI0NDEtNTg0ODkiLCJlbWFpbCI6IiIsImV4cCI6MTc2Mzg1NjA0MX0.4iPX1ZUQJIKcFhEOSgAYkyMnWiZrP3eBrqdiuL4UPCM
]]></system-out>
  </testcase>
  <testcase name="testValidarStockSuficiente" classname="com.mycompany.gestion_hotel.ui.VentasControllerCompleteTest" time="0.336">
    <system-out><![CDATA[Acceptance Token CORRECTO: eyJhbGciOiJIUzI1NiJ9.eyJjb250cmFjdF9pZCI6NDcyLCJwZXJtYWxpbmsiOiJodHRwczovL3dvbXBpLmNvbS9hc3NldHMvZG93bmxvYWRibGUvcmVnbGFtZW50by1Vc3Vhcmlvcy1Db2xvbWJpYS5wZGYiLCJmaWxlX2hhc2giOiJkYzJkNGUzMDVlNGQzNmFhYjhjYzU3N2I1YTY5Nzg1MSIsImppdCI6IjE3NjM4NTI0NDEtNzgwNjIiLCJlbWFpbCI6IiIsImV4cCI6MTc2Mzg1NjA0MX0.E6yUHFsOQDvh3fQgTNwwQCjhraTy7X5UfMEke0SWsGU
]]></system-out>
  </testcase>
</testsuite>