<?xml version="1.0" encoding="UTF-8"?>
<testsuite xmlns:xsi="http://www.w3.org/2001/XMLSchema-instance" xsi:noNamespaceSchemaLocation="https://maven.apache.org/surefire/maven-surefire-plugin/xsd/surefire-test-report-3.0.xsd" version="3.0" name="com.mycompany.gestion_hotel.ui.VentasControllerItemCarritoTest" time="1.482" tests="2" errors="0" skipped="0" failures="0">
  <properties>
[...]
</properties>
  <testcase name="testItemCarritoGetSubtotal" classname="com.mycompany.gestion_hotel.ui.VentasControllerItemCarritoTest" time="1.116">
    <system-out><![CDATA[Acceptance Token CORRECTO: eyJhbGciOiJIUzI1NiJ9.eyJjb250cmFjdF9pZCI6NDcyLCJwZXJtYWxpbmsiOiJodHRwczovL3dvbXBpLmNvbS9hc3NldHMvZG93bmxvYWRibGUvcmVnbGFtZW50by1Vc3Vhcmlvcy1Db2xvbWJpYS5wZGYiLCJmaWxlX2hhc2giOiJkYzJkNGUzMDVlNGQzNmFhYjhjYzU3N2I1YTY5Nzg1MSIsImppdCI6IjE3NjM4NDg2NDItMTcxNDkiLCJlbWFpbCI6IiIsImV4cCI6MTc2Mzg1MjI0Mn0.NGjVqP28ilDaz2J2tr3McBNQ7AnUvPNAk5A-XAIP-BQ
]]></system-out>
  </testcase>
  <testcase name="testItemCarritoCampos" classname="com.mycompany.gestion_hotel.ui.VentasControllerItemCarritoTest" time="0.332">
    <system-out><![CDATA[Acceptance Token CORRECTO: eyJhbGciOiJIUzI1NiJ9.eyJjb250cmFjdF9pZCI6NDcyLCJwZXJtYWxpbmsiOiJodHRwczovL3dvbXBpLmNvbS9hc3NldHMvZG93bmxvYWRibGUvcmVnbGFtZW50by1Vc3Vhcmlvcy1Db2xvbWJpYS5wZGYiLCJmaWxlX2hhc2giOiJkYzJkNGUzMDVlNGQzNmFhYjhjYzU3N2I1YTY5Nzg1MSIsImppdCI6IjE3NjM4NDg2NDItMzEzODYiLCJlbWFpbCI6IiIsImV4cCI6MTc2Mzg1MjI0Mn0.7YFiNMNVRL6a9Dul0yUlPp1t1NWBTjIeLptVbSF_nys
]]></system-out>
  </testcase>
</testsuite>